2020-01-16 01:57:33,941 [Worker-3] INFO  c.g.t.t.d.PublishedGradleVersions - Gradle version information cache is out-of-date. Trying to update.
2020-01-16 02:44:07,687 [Worker-28] INFO  o.e.m.c.i.l.LifecycleMappingFactory - Using org.eclipse.m2e.jdt.JarLifecycleMapping lifecycle mapping for MavenProject: org.webgme.guest:ADS_exec:0.1.0-SNAPSHOT @ /home/vagrant/avchallenge/ADS_deployment/pom.xml.
2020-01-16 02:44:07,954 [Worker-28] INFO  o.e.m.c.i.l.LifecycleMappingFactory - Using org.eclipse.m2e.jdt.JarLifecycleMapping lifecycle mapping for MavenProject: org.webgme.guest.ucefgateway:UCEFGateway:0.1.0-SNAPSHOT @ /home/vagrant/avchallenge/ADS_generated/UCEFGateway/pom.xml.
2020-01-16 02:44:07,983 [Worker-28] INFO  o.e.m.c.i.l.LifecycleMappingFactory - Using org.eclipse.m2e.jdt.JarLifecycleMapping lifecycle mapping for MavenProject: org.webgme.guest.vehiclecontrol:VehicleControl:0.1.0-SNAPSHOT @ /home/vagrant/avchallenge/ADS_generated/VehicleControl/pom.xml.
2020-01-16 02:44:08,007 [Worker-28] INFO  o.e.m.c.i.l.LifecycleMappingFactory - Using org.eclipse.m2e.jdt.JarLifecycleMapping lifecycle mapping for MavenProject: org.webgme.guest.dataanalytics:DataAnalytics:0.1.0-SNAPSHOT @ /home/vagrant/avchallenge/ADS_generated/DataAnalytics/pom.xml.
2020-01-16 02:44:08,035 [Worker-28] INFO  o.e.m.c.i.l.LifecycleMappingFactory - Using org.eclipse.m2e.jdt.JarLifecycleMapping lifecycle mapping for MavenProject: org.webgme.guest.eventinjection:EventInjection:0.1.0-SNAPSHOT @ /home/vagrant/avchallenge/ADS_generated/EventInjection/pom.xml.
2020-01-16 02:44:08,330 [Worker-28] INFO  o.e.m.c.i.l.LifecycleMappingFactory - Using org.eclipse.m2e.jdt.JarLifecycleMapping lifecycle mapping for MavenProject: gov.nist.hla.federates.database:Database:0.0.1-SNAPSHOT @ /home/vagrant/avchallenge/ucef-database/pom.xml.
2020-01-16 02:44:08,787 [Worker-28] INFO  o.e.m.j.i.AbstractJavaProjectConfigurator - Adding source folder /UCEFGateway/src/main/java
2020-01-16 02:44:08,788 [Worker-28] INFO  o.e.m.j.i.AbstractJavaProjectConfigurator - Adding source folder /UCEFGateway/src/test/java
2020-01-16 02:44:09,446 [Worker-28] INFO  o.e.m.j.i.AbstractJavaProjectConfigurator - Adding source folder /DataAnalytics/src/main/java
2020-01-16 02:44:09,447 [Worker-28] INFO  o.e.m.j.i.AbstractJavaProjectConfigurator - Adding source folder /DataAnalytics/src/test/java
2020-01-16 02:44:09,667 [Worker-28] INFO  o.e.m.j.i.AbstractJavaProjectConfigurator - Adding source folder /EventInjection/src/main/java
2020-01-16 02:44:09,668 [Worker-28] INFO  o.e.m.j.i.AbstractJavaProjectConfigurator - Adding source folder /EventInjection/src/test/java
2020-01-16 02:44:09,714 [Worker-28] INFO  o.e.m.j.i.AbstractJavaProjectConfigurator - Adding source folder /VehicleControl/src/main/java
2020-01-16 02:44:09,714 [Worker-28] INFO  o.e.m.j.i.AbstractJavaProjectConfigurator - Adding source folder /VehicleControl/src/test/java
2020-01-16 02:44:09,788 [Worker-28] INFO  o.e.m.j.i.AbstractJavaProjectConfigurator - Adding source folder /ADS_deployment/src/main/java
2020-01-16 02:44:09,789 [Worker-28] ERROR o.e.m.j.i.AbstractJavaProjectConfigurator - Skipping resource folder /ADS_deployment
2020-01-16 02:44:09,808 [Worker-28] INFO  o.e.m.j.i.AbstractJavaProjectConfigurator - Adding source folder /ADS_deployment/src/test/java
2020-01-16 02:44:09,868 [Worker-28] INFO  o.e.m.j.i.AbstractJavaProjectConfigurator - Adding source folder /ucef-database/src/main/java
2020-01-16 02:44:09,869 [Worker-28] INFO  o.e.m.j.i.AbstractJavaProjectConfigurator - Adding source folder /ucef-database/src/test/java
2020-01-16 02:44:09,923 [Worker-28] INFO  o.e.m.c.i.p.ProjectConfigurationManager - Imported and configured 6 project(s) in 3 sec
2020-01-16 02:44:11,076 [Worker-32] WARN  o.e.m.c.i.embedder.EclipseLogger - Using platform encoding (UTF-8 actually) to copy filtered resources, i.e. build is platform dependent!
2020-01-16 02:44:11,077 [Worker-32] INFO  o.e.m.c.i.embedder.EclipseLogger - skip non existing resourceDirectory /home/vagrant/avchallenge/ADS_generated/DataAnalytics/src/main/resources
2020-01-16 02:44:11,081 [Worker-32] WARN  o.e.m.c.i.embedder.EclipseLogger - Using platform encoding (UTF-8 actually) to copy filtered resources, i.e. build is platform dependent!
2020-01-16 02:44:11,081 [Worker-32] INFO  o.e.m.c.i.embedder.EclipseLogger - skip non existing resourceDirectory /home/vagrant/avchallenge/ADS_generated/DataAnalytics/src/test/resources
2020-01-16 02:44:11,249 [Worker-32] WARN  o.e.m.c.i.embedder.EclipseLogger - Using platform encoding (UTF-8 actually) to copy filtered resources, i.e. build is platform dependent!
2020-01-16 02:44:11,250 [Worker-32] INFO  o.e.m.c.i.embedder.EclipseLogger - skip non existing resourceDirectory /home/vagrant/avchallenge/ADS_generated/EventInjection/src/main/resources
2020-01-16 02:44:11,251 [Worker-32] WARN  o.e.m.c.i.embedder.EclipseLogger - Using platform encoding (UTF-8 actually) to copy filtered resources, i.e. build is platform dependent!
2020-01-16 02:44:11,251 [Worker-32] INFO  o.e.m.c.i.embedder.EclipseLogger - skip non existing resourceDirectory /home/vagrant/avchallenge/ADS_generated/EventInjection/src/test/resources
2020-01-16 02:44:11,545 [Worker-32] WARN  o.e.m.c.i.embedder.EclipseLogger - Using platform encoding (UTF-8 actually) to copy filtered resources, i.e. build is platform dependent!
2020-01-16 02:44:11,546 [Worker-32] INFO  o.e.m.c.i.embedder.EclipseLogger - skip non existing resourceDirectory /home/vagrant/avchallenge/ADS_generated/UCEFGateway/src/main/resources
2020-01-16 02:44:11,548 [Worker-32] WARN  o.e.m.c.i.embedder.EclipseLogger - Using platform encoding (UTF-8 actually) to copy filtered resources, i.e. build is platform dependent!
2020-01-16 02:44:11,548 [Worker-32] INFO  o.e.m.c.i.embedder.EclipseLogger - skip non existing resourceDirectory /home/vagrant/avchallenge/ADS_generated/UCEFGateway/src/test/resources
2020-01-16 02:44:11,714 [Worker-32] WARN  o.e.m.c.i.embedder.EclipseLogger - Using platform encoding (UTF-8 actually) to copy filtered resources, i.e. build is platform dependent!
2020-01-16 02:44:11,715 [Worker-32] INFO  o.e.m.c.i.embedder.EclipseLogger - skip non existing resourceDirectory /home/vagrant/avchallenge/ADS_generated/VehicleControl/src/main/resources
2020-01-16 02:44:11,716 [Worker-32] WARN  o.e.m.c.i.embedder.EclipseLogger - Using platform encoding (UTF-8 actually) to copy filtered resources, i.e. build is platform dependent!
2020-01-16 02:44:11,716 [Worker-32] INFO  o.e.m.c.i.embedder.EclipseLogger - skip non existing resourceDirectory /home/vagrant/avchallenge/ADS_generated/VehicleControl/src/test/resources
2020-01-16 02:44:11,799 [Worker-32] WARN  o.e.m.c.i.embedder.EclipseLogger - Using platform encoding (UTF-8 actually) to copy filtered resources, i.e. build is platform dependent!
2020-01-16 02:44:11,799 [Worker-32] INFO  o.e.m.c.i.embedder.EclipseLogger - skip non existing resourceDirectory /home/vagrant/avchallenge/ADS_deployment/src/fom
2020-01-16 02:44:11,800 [Worker-32] INFO  o.e.m.c.i.embedder.EclipseLogger - skip non existing resourceDirectory /home/vagrant/avchallenge/ADS_deployment/src/experiments
2020-01-16 02:44:11,803 [Worker-32] INFO  o.e.m.c.i.embedder.EclipseLogger - Copying 0 resource
2020-01-16 02:44:11,807 [Worker-32] WARN  o.e.m.c.i.embedder.EclipseLogger - Using platform encoding (UTF-8 actually) to copy filtered resources, i.e. build is platform dependent!
2020-01-16 02:44:11,808 [Worker-32] INFO  o.e.m.c.i.embedder.EclipseLogger - skip non existing resourceDirectory /home/vagrant/avchallenge/ADS_deployment/src/test/resources
2020-01-16 02:44:11,950 [Worker-32] WARN  o.e.m.c.i.embedder.EclipseLogger - Using platform encoding (UTF-8 actually) to copy filtered resources, i.e. build is platform dependent!
2020-01-16 02:44:11,951 [Worker-32] INFO  o.e.m.c.i.embedder.EclipseLogger - skip non existing resourceDirectory /home/vagrant/avchallenge/ucef-database/src/main/resources
2020-01-16 02:44:11,952 [Worker-32] WARN  o.e.m.c.i.embedder.EclipseLogger - Using platform encoding (UTF-8 actually) to copy filtered resources, i.e. build is platform dependent!
2020-01-16 02:44:11,952 [Worker-32] INFO  o.e.m.c.i.embedder.EclipseLogger - skip non existing resourceDirectory /home/vagrant/avchallenge/ucef-database/src/test/resources
2020-01-16 02:54:31,397 [Worker-33] WARN  o.e.r.models.ModelRepository - Failed to download org.eclipse.recommenders:index::zip:0.0.0
org.eclipse.aether.resolution.ArtifactResolutionException: Could not find artifact org.eclipse.recommenders:index:zip:0.0.0-SNAPSHOT in models (http://download.eclipse.org/recommenders/models/neon/)
	at org.eclipse.aether.internal.impl.DefaultArtifactResolver.resolve(DefaultArtifactResolver.java:444) ~[na:na]
	at org.eclipse.aether.internal.impl.DefaultArtifactResolver.resolveArtifacts(DefaultArtifactResolver.java:246) ~[na:na]
	at org.eclipse.aether.internal.impl.DefaultArtifactResolver.resolveArtifact(DefaultArtifactResolver.java:223) ~[na:na]
	at org.eclipse.aether.internal.impl.DefaultRepositorySystem.resolveArtifact(DefaultRepositorySystem.java:294) ~[na:na]
	at org.eclipse.recommenders.models.ModelRepository.resolveInternal(ModelRepository.java:193) [org.eclipse.recommenders.models_2.4.6.v20170307-1041.jar:na]
	at org.eclipse.recommenders.models.ModelRepository.resolve(ModelRepository.java:172) [org.eclipse.recommenders.models_2.4.6.v20170307-1041.jar:na]
	at org.eclipse.recommenders.internal.models.rcp.EclipseModelRepository.resolve(EclipseModelRepository.java:169) [org.eclipse.recommenders.models.rcp_2.4.6.v20170307-1041.jar:na]
	at org.eclipse.recommenders.internal.models.rcp.DownloadModelArchiveJob.run(DownloadModelArchiveJob.java:76) [org.eclipse.recommenders.models.rcp_2.4.6.v20170307-1041.jar:na]
	at org.eclipse.core.internal.jobs.Worker.run(Worker.java:55) [org.eclipse.core.jobs_3.8.0.v20160509-0411.jar:na]
Caused by: org.eclipse.aether.transfer.ArtifactNotFoundException: Could not find artifact org.eclipse.recommenders:index:zip:0.0.0-SNAPSHOT in models (http://download.eclipse.org/recommenders/models/neon/)
	at org.eclipse.aether.connector.basic.ArtifactTransportListener.transferFailed(ArtifactTransportListener.java:39) ~[org.eclipse.aether.connector.basic_1.0.1.v20141111.jar:na]
	at org.eclipse.aether.connector.basic.BasicRepositoryConnector$TaskRunner.run(BasicRepositoryConnector.java:355) ~[org.eclipse.aether.connector.basic_1.0.1.v20141111.jar:na]
	at org.eclipse.aether.util.concurrency.RunnableErrorForwarder$1.run(RunnableErrorForwarder.java:67) ~[na:na]
	at org.eclipse.aether.connector.basic.BasicRepositoryConnector$DirectExecutor.execute(BasicRepositoryConnector.java:581) ~[org.eclipse.aether.connector.basic_1.0.1.v20141111.jar:na]
	at org.eclipse.aether.connector.basic.BasicRepositoryConnector.get(BasicRepositoryConnector.java:249) ~[org.eclipse.aether.connector.basic_1.0.1.v20141111.jar:na]
	at org.eclipse.aether.internal.impl.DefaultArtifactResolver.performDownloads(DefaultArtifactResolver.java:520) ~[na:na]
	at org.eclipse.aether.internal.impl.DefaultArtifactResolver.resolve(DefaultArtifactResolver.java:421) ~[na:na]
	... 8 common frames omitted
2020-01-16 02:56:57,065 [Worker-30] WARN  o.e.m.c.i.embedder.EclipseLogger - Using platform encoding (UTF-8 actually) to copy filtered resources, i.e. build is platform dependent!
2020-01-16 02:56:57,066 [Worker-30] INFO  o.e.m.c.i.embedder.EclipseLogger - skip non existing resourceDirectory /home/vagrant/avchallenge/ADS_generated/DataAnalytics/src/main/resources
2020-01-16 02:56:57,067 [Worker-30] WARN  o.e.m.c.i.embedder.EclipseLogger - Using platform encoding (UTF-8 actually) to copy filtered resources, i.e. build is platform dependent!
2020-01-16 02:56:57,067 [Worker-30] INFO  o.e.m.c.i.embedder.EclipseLogger - skip non existing resourceDirectory /home/vagrant/avchallenge/ADS_generated/DataAnalytics/src/test/resources
2020-01-16 02:57:03,202 [Worker-35] WARN  o.e.m.c.i.embedder.EclipseLogger - Using platform encoding (UTF-8 actually) to copy filtered resources, i.e. build is platform dependent!
2020-01-16 02:57:03,203 [Worker-35] INFO  o.e.m.c.i.embedder.EclipseLogger - skip non existing resourceDirectory /home/vagrant/avchallenge/ADS_generated/DataAnalytics/src/main/resources
2020-01-16 02:57:03,206 [Worker-35] WARN  o.e.m.c.i.embedder.EclipseLogger - Using platform encoding (UTF-8 actually) to copy filtered resources, i.e. build is platform dependent!
2020-01-16 02:57:03,207 [Worker-35] INFO  o.e.m.c.i.embedder.EclipseLogger - skip non existing resourceDirectory /home/vagrant/avchallenge/ADS_generated/DataAnalytics/src/test/resources
2020-01-16 02:57:36,163 [Worker-33] WARN  o.e.m.c.i.embedder.EclipseLogger - Using platform encoding (UTF-8 actually) to copy filtered resources, i.e. build is platform dependent!
2020-01-16 02:57:36,164 [Worker-33] INFO  o.e.m.c.i.embedder.EclipseLogger - skip non existing resourceDirectory /home/vagrant/avchallenge/ADS_generated/VehicleControl/src/main/resources
2020-01-16 02:57:36,165 [Worker-33] WARN  o.e.m.c.i.embedder.EclipseLogger - Using platform encoding (UTF-8 actually) to copy filtered resources, i.e. build is platform dependent!
2020-01-16 02:57:36,166 [Worker-33] INFO  o.e.m.c.i.embedder.EclipseLogger - skip non existing resourceDirectory /home/vagrant/avchallenge/ADS_generated/VehicleControl/src/test/resources
2020-01-16 03:08:00,460 [Worker-33] WARN  o.e.m.c.i.embedder.EclipseLogger - Using platform encoding (UTF-8 actually) to copy filtered resources, i.e. build is platform dependent!
2020-01-16 03:08:00,460 [Worker-33] INFO  o.e.m.c.i.embedder.EclipseLogger - skip non existing resourceDirectory /home/vagrant/avchallenge/ADS_generated/VehicleControl/src/main/resources
2020-01-16 03:08:00,461 [Worker-33] WARN  o.e.m.c.i.embedder.EclipseLogger - Using platform encoding (UTF-8 actually) to copy filtered resources, i.e. build is platform dependent!
2020-01-16 03:08:00,462 [Worker-33] INFO  o.e.m.c.i.embedder.EclipseLogger - skip non existing resourceDirectory /home/vagrant/avchallenge/ADS_generated/VehicleControl/src/test/resources
2020-01-16 03:12:22,301 [Start Help Server] INFO  org.eclipse.jetty.util.log - Logging initialized @4495888ms
2020-01-16 03:12:22,457 [Start Help Server] INFO  org.eclipse.jetty.server.Server - jetty-9.3.9.v20160517
2020-01-16 03:12:22,550 [Start Help Server] INFO  o.e.j.server.handler.ContextHandler - Started o.e.j.s.ServletContextHandler@1709a8a2{/help,null,AVAILABLE}
2020-01-16 03:12:22,562 [Start Help Server] INFO  o.e.jetty.server.AbstractConnector - Started ServerConnector@374eafd6{HTTP/1.1,[http/1.1]}{127.0.0.1:42459}
2020-01-16 03:12:22,562 [Start Help Server] INFO  org.eclipse.jetty.server.Server - Started @4496149ms
2020-01-16 03:14:43,407 [Worker-35] WARN  o.e.m.c.i.embedder.EclipseLogger - Using platform encoding (UTF-8 actually) to copy filtered resources, i.e. build is platform dependent!
2020-01-16 03:14:43,407 [Worker-35] INFO  o.e.m.c.i.embedder.EclipseLogger - skip non existing resourceDirectory /home/vagrant/avchallenge/ADS_generated/VehicleControl/src/main/resources
2020-01-16 03:14:43,408 [Worker-35] WARN  o.e.m.c.i.embedder.EclipseLogger - Using platform encoding (UTF-8 actually) to copy filtered resources, i.e. build is platform dependent!
2020-01-16 03:14:43,409 [Worker-35] INFO  o.e.m.c.i.embedder.EclipseLogger - skip non existing resourceDirectory /home/vagrant/avchallenge/ADS_generated/VehicleControl/src/test/resources
2020-01-16 03:15:32,762 [Worker-30] WARN  o.e.m.c.i.embedder.EclipseLogger - Using platform encoding (UTF-8 actually) to copy filtered resources, i.e. build is platform dependent!
2020-01-16 03:15:32,762 [Worker-30] INFO  o.e.m.c.i.embedder.EclipseLogger - skip non existing resourceDirectory /home/vagrant/avchallenge/ADS_generated/VehicleControl/src/main/resources
2020-01-16 03:15:32,763 [Worker-30] WARN  o.e.m.c.i.embedder.EclipseLogger - Using platform encoding (UTF-8 actually) to copy filtered resources, i.e. build is platform dependent!
2020-01-16 03:15:32,763 [Worker-30] INFO  o.e.m.c.i.embedder.EclipseLogger - skip non existing resourceDirectory /home/vagrant/avchallenge/ADS_generated/VehicleControl/src/test/resources
2020-01-16 03:17:03,888 [Worker-35] WARN  o.e.m.c.i.embedder.EclipseLogger - Using platform encoding (UTF-8 actually) to copy filtered resources, i.e. build is platform dependent!
2020-01-16 03:17:03,888 [Worker-35] INFO  o.e.m.c.i.embedder.EclipseLogger - skip non existing resourceDirectory /home/vagrant/avchallenge/ADS_generated/VehicleControl/src/main/resources
2020-01-16 03:17:03,889 [Worker-35] WARN  o.e.m.c.i.embedder.EclipseLogger - Using platform encoding (UTF-8 actually) to copy filtered resources, i.e. build is platform dependent!
2020-01-16 03:17:03,889 [Worker-35] INFO  o.e.m.c.i.embedder.EclipseLogger - skip non existing resourceDirectory /home/vagrant/avchallenge/ADS_generated/VehicleControl/src/test/resources
2020-01-16 03:17:25,692 [Worker-37] WARN  o.e.m.c.i.embedder.EclipseLogger - Using platform encoding (UTF-8 actually) to copy filtered resources, i.e. build is platform dependent!
2020-01-16 03:17:25,692 [Worker-37] INFO  o.e.m.c.i.embedder.EclipseLogger - skip non existing resourceDirectory /home/vagrant/avchallenge/ADS_generated/VehicleControl/src/main/resources
2020-01-16 03:17:25,694 [Worker-37] WARN  o.e.m.c.i.embedder.EclipseLogger - Using platform encoding (UTF-8 actually) to copy filtered resources, i.e. build is platform dependent!
2020-01-16 03:17:25,694 [Worker-37] INFO  o.e.m.c.i.embedder.EclipseLogger - skip non existing resourceDirectory /home/vagrant/avchallenge/ADS_generated/VehicleControl/src/test/resources
2020-01-16 03:18:29,827 [Worker-35] WARN  o.e.m.c.i.embedder.EclipseLogger - Using platform encoding (UTF-8 actually) to copy filtered resources, i.e. build is platform dependent!
2020-01-16 03:18:29,828 [Worker-35] INFO  o.e.m.c.i.embedder.EclipseLogger - skip non existing resourceDirectory /home/vagrant/avchallenge/ADS_generated/VehicleControl/src/main/resources
2020-01-16 03:18:29,829 [Worker-35] WARN  o.e.m.c.i.embedder.EclipseLogger - Using platform encoding (UTF-8 actually) to copy filtered resources, i.e. build is platform dependent!
2020-01-16 03:18:29,829 [Worker-35] INFO  o.e.m.c.i.embedder.EclipseLogger - skip non existing resourceDirectory /home/vagrant/avchallenge/ADS_generated/VehicleControl/src/test/resources
2020-01-16 03:18:32,781 [Worker-37] WARN  o.e.m.c.i.embedder.EclipseLogger - Using platform encoding (UTF-8 actually) to copy filtered resources, i.e. build is platform dependent!
2020-01-16 03:18:32,781 [Worker-37] INFO  o.e.m.c.i.embedder.EclipseLogger - skip non existing resourceDirectory /home/vagrant/avchallenge/ADS_generated/VehicleControl/src/main/resources
2020-01-16 03:18:32,783 [Worker-37] WARN  o.e.m.c.i.embedder.EclipseLogger - Using platform encoding (UTF-8 actually) to copy filtered resources, i.e. build is platform dependent!
2020-01-16 03:18:32,783 [Worker-37] INFO  o.e.m.c.i.embedder.EclipseLogger - skip non existing resourceDirectory /home/vagrant/avchallenge/ADS_generated/VehicleControl/src/test/resources
2020-01-16 03:19:25,842 [Worker-35] WARN  o.e.m.c.i.embedder.EclipseLogger - Using platform encoding (UTF-8 actually) to copy filtered resources, i.e. build is platform dependent!
2020-01-16 03:19:25,842 [Worker-35] INFO  o.e.m.c.i.embedder.EclipseLogger - skip non existing resourceDirectory /home/vagrant/avchallenge/ADS_generated/VehicleControl/src/main/resources
2020-01-16 03:19:25,844 [Worker-35] WARN  o.e.m.c.i.embedder.EclipseLogger - Using platform encoding (UTF-8 actually) to copy filtered resources, i.e. build is platform dependent!
2020-01-16 03:19:25,844 [Worker-35] INFO  o.e.m.c.i.embedder.EclipseLogger - skip non existing resourceDirectory /home/vagrant/avchallenge/ADS_generated/VehicleControl/src/test/resources
2020-01-16 12:27:45,905 [Worker-43] WARN  o.e.m.c.i.embedder.EclipseLogger - Using platform encoding (UTF-8 actually) to copy filtered resources, i.e. build is platform dependent!
2020-01-16 12:27:45,906 [Worker-43] INFO  o.e.m.c.i.embedder.EclipseLogger - skip non existing resourceDirectory /home/vagrant/avchallenge/ADS_generated/VehicleControl/src/main/resources
2020-01-16 12:27:45,907 [Worker-43] WARN  o.e.m.c.i.embedder.EclipseLogger - Using platform encoding (UTF-8 actually) to copy filtered resources, i.e. build is platform dependent!
2020-01-16 12:27:45,907 [Worker-43] INFO  o.e.m.c.i.embedder.EclipseLogger - skip non existing resourceDirectory /home/vagrant/avchallenge/ADS_generated/VehicleControl/src/test/resources
2020-01-17 00:13:56,803 [Worker-2] INFO  c.g.t.t.d.PublishedGradleVersions - Gradle version information cache is up-to-date. Trying to read.
2020-01-17 00:14:01,492 [Worker-11] INFO  o.e.m.c.i.l.LifecycleMappingFactory - Using org.eclipse.m2e.jdt.JarLifecycleMapping lifecycle mapping for MavenProject: org.webgme.guest.dataanalytics:DataAnalytics:0.1.0-SNAPSHOT @ /home/vagrant/avchallenge/ADS_generated/DataAnalytics/pom.xml.
2020-01-17 00:14:02,474 [Worker-11] WARN  o.e.m.c.i.embedder.EclipseLogger - Using platform encoding (UTF-8 actually) to copy filtered resources, i.e. build is platform dependent!
2020-01-17 00:14:02,478 [Worker-11] INFO  o.e.m.c.i.embedder.EclipseLogger - skip non existing resourceDirectory /home/vagrant/avchallenge/ADS_generated/DataAnalytics/src/main/resources
2020-01-17 00:14:03,052 [Worker-7] INFO  o.e.m.c.i.l.LifecycleMappingFactory - Using org.eclipse.m2e.jdt.JarLifecycleMapping lifecycle mapping for MavenProject: org.webgme.guest:ADS_exec:0.1.0-SNAPSHOT @ /home/vagrant/avchallenge/ADS_deployment/pom.xml.
2020-01-17 00:14:03,060 [Worker-11] WARN  o.e.m.c.i.embedder.EclipseLogger - Using platform encoding (UTF-8 actually) to copy filtered resources, i.e. build is platform dependent!
2020-01-17 00:14:03,060 [Worker-11] INFO  o.e.m.c.i.embedder.EclipseLogger - skip non existing resourceDirectory /home/vagrant/avchallenge/ADS_generated/DataAnalytics/src/test/resources
2020-01-17 00:14:03,677 [Worker-11] INFO  o.e.m.c.i.l.LifecycleMappingFactory - Using org.eclipse.m2e.jdt.JarLifecycleMapping lifecycle mapping for MavenProject: org.webgme.guest.eventinjection:EventInjection:0.1.0-SNAPSHOT @ /home/vagrant/avchallenge/ADS_generated/EventInjection/pom.xml.
2020-01-17 00:14:04,178 [Worker-11] WARN  o.e.m.c.i.embedder.EclipseLogger - Using platform encoding (UTF-8 actually) to copy filtered resources, i.e. build is platform dependent!
2020-01-17 00:14:04,179 [Worker-11] INFO  o.e.m.c.i.embedder.EclipseLogger - skip non existing resourceDirectory /home/vagrant/avchallenge/ADS_generated/EventInjection/src/main/resources
2020-01-17 00:14:04,181 [Worker-11] WARN  o.e.m.c.i.embedder.EclipseLogger - Using platform encoding (UTF-8 actually) to copy filtered resources, i.e. build is platform dependent!
2020-01-17 00:14:04,182 [Worker-11] INFO  o.e.m.c.i.embedder.EclipseLogger - skip non existing resourceDirectory /home/vagrant/avchallenge/ADS_generated/EventInjection/src/test/resources
2020-01-17 00:14:04,425 [Worker-11] INFO  o.e.m.c.i.l.LifecycleMappingFactory - Using org.eclipse.m2e.jdt.JarLifecycleMapping lifecycle mapping for MavenProject: org.webgme.guest.ucefgateway:UCEFGateway:0.1.0-SNAPSHOT @ /home/vagrant/avchallenge/ADS_generated/UCEFGateway/pom.xml.
2020-01-17 00:14:04,526 [Worker-11] WARN  o.e.m.c.i.embedder.EclipseLogger - Using platform encoding (UTF-8 actually) to copy filtered resources, i.e. build is platform dependent!
2020-01-17 00:14:04,527 [Worker-11] INFO  o.e.m.c.i.embedder.EclipseLogger - skip non existing resourceDirectory /home/vagrant/avchallenge/ADS_generated/UCEFGateway/src/main/resources
2020-01-17 00:14:04,528 [Worker-11] WARN  o.e.m.c.i.embedder.EclipseLogger - Using platform encoding (UTF-8 actually) to copy filtered resources, i.e. build is platform dependent!
2020-01-17 00:14:04,529 [Worker-11] INFO  o.e.m.c.i.embedder.EclipseLogger - skip non existing resourceDirectory /home/vagrant/avchallenge/ADS_generated/UCEFGateway/src/test/resources
2020-01-17 00:14:04,741 [Worker-11] INFO  o.e.m.c.i.l.LifecycleMappingFactory - Using org.eclipse.m2e.jdt.JarLifecycleMapping lifecycle mapping for MavenProject: org.webgme.guest.vehiclecontrol:VehicleControl:0.1.0-SNAPSHOT @ /home/vagrant/avchallenge/ADS_generated/VehicleControl/pom.xml.
2020-01-17 00:14:04,840 [Worker-11] WARN  o.e.m.c.i.embedder.EclipseLogger - Using platform encoding (UTF-8 actually) to copy filtered resources, i.e. build is platform dependent!
2020-01-17 00:14:04,841 [Worker-11] INFO  o.e.m.c.i.embedder.EclipseLogger - skip non existing resourceDirectory /home/vagrant/avchallenge/ADS_generated/VehicleControl/src/main/resources
2020-01-17 00:14:04,842 [Worker-11] WARN  o.e.m.c.i.embedder.EclipseLogger - Using platform encoding (UTF-8 actually) to copy filtered resources, i.e. build is platform dependent!
2020-01-17 00:14:04,842 [Worker-11] INFO  o.e.m.c.i.embedder.EclipseLogger - skip non existing resourceDirectory /home/vagrant/avchallenge/ADS_generated/VehicleControl/src/test/resources
2020-01-17 00:14:04,883 [Worker-11] INFO  o.e.m.c.i.l.LifecycleMappingFactory - Using org.eclipse.m2e.jdt.JarLifecycleMapping lifecycle mapping for MavenProject: org.webgme.guest:ADS_exec:0.1.0-SNAPSHOT @ /home/vagrant/avchallenge/ADS_deployment/pom.xml.
2020-01-17 00:14:05,089 [Worker-11] WARN  o.e.m.c.i.embedder.EclipseLogger - Using platform encoding (UTF-8 actually) to copy filtered resources, i.e. build is platform dependent!
2020-01-17 00:14:05,090 [Worker-11] INFO  o.e.m.c.i.embedder.EclipseLogger - skip non existing resourceDirectory /home/vagrant/avchallenge/ADS_deployment/src/fom
2020-01-17 00:14:05,090 [Worker-11] INFO  o.e.m.c.i.embedder.EclipseLogger - skip non existing resourceDirectory /home/vagrant/avchallenge/ADS_deployment/src/experiments
2020-01-17 00:14:05,101 [Worker-11] INFO  o.e.m.c.i.embedder.EclipseLogger - Copying 0 resource
2020-01-17 00:14:05,108 [Worker-11] WARN  o.e.m.c.i.embedder.EclipseLogger - Using platform encoding (UTF-8 actually) to copy filtered resources, i.e. build is platform dependent!
2020-01-17 00:14:05,108 [Worker-11] INFO  o.e.m.c.i.embedder.EclipseLogger - skip non existing resourceDirectory /home/vagrant/avchallenge/ADS_deployment/src/test/resources
2020-01-17 00:14:05,664 [Worker-11] INFO  o.e.m.c.i.l.LifecycleMappingFactory - Using org.eclipse.m2e.jdt.JarLifecycleMapping lifecycle mapping for MavenProject: gov.nist.hla.federates.database:Database:0.0.1-SNAPSHOT @ /home/vagrant/avchallenge/ucef-database/pom.xml.
2020-01-17 00:14:05,766 [Worker-11] WARN  o.e.m.c.i.embedder.EclipseLogger - Using platform encoding (UTF-8 actually) to copy filtered resources, i.e. build is platform dependent!
2020-01-17 00:14:05,766 [Worker-11] INFO  o.e.m.c.i.embedder.EclipseLogger - skip non existing resourceDirectory /home/vagrant/avchallenge/ucef-database/src/main/resources
2020-01-17 00:14:05,767 [Worker-11] WARN  o.e.m.c.i.embedder.EclipseLogger - Using platform encoding (UTF-8 actually) to copy filtered resources, i.e. build is platform dependent!
2020-01-17 00:14:05,768 [Worker-11] INFO  o.e.m.c.i.embedder.EclipseLogger - skip non existing resourceDirectory /home/vagrant/avchallenge/ucef-database/src/test/resources
2020-01-17 00:14:06,763 [Worker-0] INFO  o.e.m.c.i.l.LifecycleMappingFactory - Using org.eclipse.m2e.jdt.JarLifecycleMapping lifecycle mapping for MavenProject: org.webgme.guest:ADS_exec:0.1.0-SNAPSHOT @ /home/vagrant/avchallenge/ADS_deployment/pom.xml.
2020-01-17 00:14:06,948 [Worker-0] INFO  o.e.m.c.i.l.LifecycleMappingFactory - Using org.eclipse.m2e.jdt.JarLifecycleMapping lifecycle mapping for MavenProject: org.webgme.guest.dataanalytics:DataAnalytics:0.1.0-SNAPSHOT @ /home/vagrant/avchallenge/ADS_generated/DataAnalytics/pom.xml.
2020-01-17 00:14:06,971 [Worker-0] INFO  o.e.m.c.i.l.LifecycleMappingFactory - Using org.eclipse.m2e.jdt.JarLifecycleMapping lifecycle mapping for MavenProject: org.webgme.guest.eventinjection:EventInjection:0.1.0-SNAPSHOT @ /home/vagrant/avchallenge/ADS_generated/EventInjection/pom.xml.
2020-01-17 00:14:06,996 [Worker-0] INFO  o.e.m.c.i.l.LifecycleMappingFactory - Using org.eclipse.m2e.jdt.JarLifecycleMapping lifecycle mapping for MavenProject: org.webgme.guest.ucefgateway:UCEFGateway:0.1.0-SNAPSHOT @ /home/vagrant/avchallenge/ADS_generated/UCEFGateway/pom.xml.
2020-01-17 00:14:07,018 [Worker-0] INFO  o.e.m.c.i.l.LifecycleMappingFactory - Using org.eclipse.m2e.jdt.JarLifecycleMapping lifecycle mapping for MavenProject: org.webgme.guest.vehiclecontrol:VehicleControl:0.1.0-SNAPSHOT @ /home/vagrant/avchallenge/ADS_generated/VehicleControl/pom.xml.
2020-01-17 00:14:07,147 [Worker-0] INFO  o.e.m.c.i.l.LifecycleMappingFactory - Using org.eclipse.m2e.jdt.JarLifecycleMapping lifecycle mapping for MavenProject: gov.nist.hla.federates.database:Database:0.0.1-SNAPSHOT @ /home/vagrant/avchallenge/ucef-database/pom.xml.
2020-01-17 00:14:08,002 [Worker-10] WARN  o.e.m.c.i.embedder.EclipseLogger - Using platform encoding (UTF-8 actually) to copy filtered resources, i.e. build is platform dependent!
2020-01-17 00:14:08,003 [Worker-10] INFO  o.e.m.c.i.embedder.EclipseLogger - skip non existing resourceDirectory /home/vagrant/avchallenge/ADS_generated/DataAnalytics/src/main/resources
2020-01-17 00:14:08,006 [Worker-10] WARN  o.e.m.c.i.embedder.EclipseLogger - Using platform encoding (UTF-8 actually) to copy filtered resources, i.e. build is platform dependent!
2020-01-17 00:14:08,007 [Worker-10] INFO  o.e.m.c.i.embedder.EclipseLogger - skip non existing resourceDirectory /home/vagrant/avchallenge/ADS_generated/DataAnalytics/src/test/resources
2020-01-17 00:14:08,053 [Worker-10] WARN  o.e.m.c.i.embedder.EclipseLogger - Using platform encoding (UTF-8 actually) to copy filtered resources, i.e. build is platform dependent!
2020-01-17 00:14:08,054 [Worker-10] INFO  o.e.m.c.i.embedder.EclipseLogger - skip non existing resourceDirectory /home/vagrant/avchallenge/ADS_generated/EventInjection/src/main/resources
2020-01-17 00:14:08,056 [Worker-10] WARN  o.e.m.c.i.embedder.EclipseLogger - Using platform encoding (UTF-8 actually) to copy filtered resources, i.e. build is platform dependent!
2020-01-17 00:14:08,056 [Worker-10] INFO  o.e.m.c.i.embedder.EclipseLogger - skip non existing resourceDirectory /home/vagrant/avchallenge/ADS_generated/EventInjection/src/test/resources
2020-01-17 00:14:08,095 [Worker-10] WARN  o.e.m.c.i.embedder.EclipseLogger - Using platform encoding (UTF-8 actually) to copy filtered resources, i.e. build is platform dependent!
2020-01-17 00:14:08,095 [Worker-10] INFO  o.e.m.c.i.embedder.EclipseLogger - skip non existing resourceDirectory /home/vagrant/avchallenge/ADS_generated/UCEFGateway/src/main/resources
2020-01-17 00:14:08,096 [Worker-10] WARN  o.e.m.c.i.embedder.EclipseLogger - Using platform encoding (UTF-8 actually) to copy filtered resources, i.e. build is platform dependent!
2020-01-17 00:14:08,097 [Worker-10] INFO  o.e.m.c.i.embedder.EclipseLogger - skip non existing resourceDirectory /home/vagrant/avchallenge/ADS_generated/UCEFGateway/src/test/resources
2020-01-17 00:14:08,135 [Worker-10] WARN  o.e.m.c.i.embedder.EclipseLogger - Using platform encoding (UTF-8 actually) to copy filtered resources, i.e. build is platform dependent!
2020-01-17 00:14:08,136 [Worker-10] INFO  o.e.m.c.i.embedder.EclipseLogger - skip non existing resourceDirectory /home/vagrant/avchallenge/ADS_generated/VehicleControl/src/main/resources
2020-01-17 00:14:08,136 [Worker-10] WARN  o.e.m.c.i.embedder.EclipseLogger - Using platform encoding (UTF-8 actually) to copy filtered resources, i.e. build is platform dependent!
2020-01-17 00:14:08,137 [Worker-10] INFO  o.e.m.c.i.embedder.EclipseLogger - skip non existing resourceDirectory /home/vagrant/avchallenge/ADS_generated/VehicleControl/src/test/resources
2020-01-17 00:14:08,247 [Worker-10] WARN  o.e.m.c.i.embedder.EclipseLogger - Using platform encoding (UTF-8 actually) to copy filtered resources, i.e. build is platform dependent!
2020-01-17 00:14:08,247 [Worker-10] INFO  o.e.m.c.i.embedder.EclipseLogger - skip non existing resourceDirectory /home/vagrant/avchallenge/ADS_deployment/src/fom
2020-01-17 00:14:08,247 [Worker-10] INFO  o.e.m.c.i.embedder.EclipseLogger - skip non existing resourceDirectory /home/vagrant/avchallenge/ADS_deployment/src/experiments
2020-01-17 00:14:08,251 [Worker-10] INFO  o.e.m.c.i.embedder.EclipseLogger - Copying 0 resource
2020-01-17 00:14:08,253 [Worker-10] WARN  o.e.m.c.i.embedder.EclipseLogger - Using platform encoding (UTF-8 actually) to copy filtered resources, i.e. build is platform dependent!
2020-01-17 00:14:08,254 [Worker-10] INFO  o.e.m.c.i.embedder.EclipseLogger - skip non existing resourceDirectory /home/vagrant/avchallenge/ADS_deployment/src/test/resources
2020-01-17 00:14:08,315 [Worker-10] WARN  o.e.m.c.i.embedder.EclipseLogger - Using platform encoding (UTF-8 actually) to copy filtered resources, i.e. build is platform dependent!
2020-01-17 00:14:08,315 [Worker-10] INFO  o.e.m.c.i.embedder.EclipseLogger - skip non existing resourceDirectory /home/vagrant/avchallenge/ucef-database/src/main/resources
2020-01-17 00:14:08,317 [Worker-10] WARN  o.e.m.c.i.embedder.EclipseLogger - Using platform encoding (UTF-8 actually) to copy filtered resources, i.e. build is platform dependent!
2020-01-17 00:14:08,317 [Worker-10] INFO  o.e.m.c.i.embedder.EclipseLogger - skip non existing resourceDirectory /home/vagrant/avchallenge/ucef-database/src/test/resources
2020-01-17 00:18:34,159 [Worker-2] WARN  o.e.m.c.i.embedder.EclipseLogger - Using platform encoding (UTF-8 actually) to copy filtered resources, i.e. build is platform dependent!
2020-01-17 00:18:34,159 [Worker-2] INFO  o.e.m.c.i.embedder.EclipseLogger - skip non existing resourceDirectory /home/vagrant/avchallenge/ADS_generated/VehicleControl/src/main/resources
2020-01-17 00:18:34,162 [Worker-2] WARN  o.e.m.c.i.embedder.EclipseLogger - Using platform encoding (UTF-8 actually) to copy filtered resources, i.e. build is platform dependent!
2020-01-17 00:18:34,162 [Worker-2] INFO  o.e.m.c.i.embedder.EclipseLogger - skip non existing resourceDirectory /home/vagrant/avchallenge/ADS_generated/VehicleControl/src/test/resources
2020-01-17 00:18:46,055 [Worker-5] WARN  o.e.m.c.i.embedder.EclipseLogger - Using platform encoding (UTF-8 actually) to copy filtered resources, i.e. build is platform dependent!
2020-01-17 00:18:46,055 [Worker-5] INFO  o.e.m.c.i.embedder.EclipseLogger - skip non existing resourceDirectory /home/vagrant/avchallenge/ADS_generated/VehicleControl/src/main/resources
2020-01-17 00:18:46,057 [Worker-5] WARN  o.e.m.c.i.embedder.EclipseLogger - Using platform encoding (UTF-8 actually) to copy filtered resources, i.e. build is platform dependent!
2020-01-17 00:18:46,057 [Worker-5] INFO  o.e.m.c.i.embedder.EclipseLogger - skip non existing resourceDirectory /home/vagrant/avchallenge/ADS_generated/VehicleControl/src/test/resources
2020-01-17 00:31:17,267 [Worker-17] WARN  o.e.m.c.i.embedder.EclipseLogger - Using platform encoding (UTF-8 actually) to copy filtered resources, i.e. build is platform dependent!
2020-01-17 00:31:17,268 [Worker-17] INFO  o.e.m.c.i.embedder.EclipseLogger - skip non existing resourceDirectory /home/vagrant/avchallenge/ADS_generated/VehicleControl/src/main/resources
2020-01-17 00:31:17,271 [Worker-17] WARN  o.e.m.c.i.embedder.EclipseLogger - Using platform encoding (UTF-8 actually) to copy filtered resources, i.e. build is platform dependent!
2020-01-17 00:31:17,271 [Worker-17] INFO  o.e.m.c.i.embedder.EclipseLogger - skip non existing resourceDirectory /home/vagrant/avchallenge/ADS_generated/VehicleControl/src/test/resources
2020-01-17 00:32:30,150 [Worker-18] WARN  o.e.m.c.i.embedder.EclipseLogger - Using platform encoding (UTF-8 actually) to copy filtered resources, i.e. build is platform dependent!
2020-01-17 00:32:30,150 [Worker-18] INFO  o.e.m.c.i.embedder.EclipseLogger - skip non existing resourceDirectory /home/vagrant/avchallenge/ADS_generated/VehicleControl/src/main/resources
2020-01-17 00:32:30,152 [Worker-18] WARN  o.e.m.c.i.embedder.EclipseLogger - Using platform encoding (UTF-8 actually) to copy filtered resources, i.e. build is platform dependent!
2020-01-17 00:32:30,157 [Worker-18] INFO  o.e.m.c.i.embedder.EclipseLogger - skip non existing resourceDirectory /home/vagrant/avchallenge/ADS_generated/VehicleControl/src/test/resources
2020-01-17 00:32:42,289 [Worker-17] WARN  o.e.m.c.i.embedder.EclipseLogger - Using platform encoding (UTF-8 actually) to copy filtered resources, i.e. build is platform dependent!
2020-01-17 00:32:42,290 [Worker-17] INFO  o.e.m.c.i.embedder.EclipseLogger - skip non existing resourceDirectory /home/vagrant/avchallenge/ADS_generated/VehicleControl/src/main/resources
2020-01-17 00:32:42,291 [Worker-17] WARN  o.e.m.c.i.embedder.EclipseLogger - Using platform encoding (UTF-8 actually) to copy filtered resources, i.e. build is platform dependent!
2020-01-17 00:32:42,291 [Worker-17] INFO  o.e.m.c.i.embedder.EclipseLogger - skip non existing resourceDirectory /home/vagrant/avchallenge/ADS_generated/VehicleControl/src/test/resources
2020-01-17 00:33:53,907 [Worker-18] WARN  o.e.m.c.i.embedder.EclipseLogger - Using platform encoding (UTF-8 actually) to copy filtered resources, i.e. build is platform dependent!
2020-01-17 00:33:53,907 [Worker-18] INFO  o.e.m.c.i.embedder.EclipseLogger - skip non existing resourceDirectory /home/vagrant/avchallenge/ADS_generated/VehicleControl/src/main/resources
2020-01-17 00:33:53,908 [Worker-18] WARN  o.e.m.c.i.embedder.EclipseLogger - Using platform encoding (UTF-8 actually) to copy filtered resources, i.e. build is platform dependent!
2020-01-17 00:33:53,908 [Worker-18] INFO  o.e.m.c.i.embedder.EclipseLogger - skip non existing resourceDirectory /home/vagrant/avchallenge/ADS_generated/VehicleControl/src/test/resources
2020-01-17 00:38:00,542 [Start Help Server] INFO  org.eclipse.jetty.util.log - Logging initialized @1456518ms
2020-01-17 00:38:00,716 [Start Help Server] INFO  org.eclipse.jetty.server.Server - jetty-9.3.9.v20160517
2020-01-17 00:38:00,847 [Start Help Server] INFO  o.e.j.server.handler.ContextHandler - Started o.e.j.s.ServletContextHandler@1e517877{/help,null,AVAILABLE}
2020-01-17 00:38:00,874 [Start Help Server] INFO  o.e.jetty.server.AbstractConnector - Started ServerConnector@6082de32{HTTP/1.1,[http/1.1]}{127.0.0.1:43444}
2020-01-17 00:38:00,875 [Start Help Server] INFO  org.eclipse.jetty.server.Server - Started @1456850ms
2020-01-17 00:38:30,344 [Worker-21] WARN  o.e.m.c.i.embedder.EclipseLogger - Using platform encoding (UTF-8 actually) to copy filtered resources, i.e. build is platform dependent!
2020-01-17 00:38:30,344 [Worker-21] INFO  o.e.m.c.i.embedder.EclipseLogger - skip non existing resourceDirectory /home/vagrant/avchallenge/ADS_generated/VehicleControl/src/main/resources
2020-01-17 00:38:30,345 [Worker-21] WARN  o.e.m.c.i.embedder.EclipseLogger - Using platform encoding (UTF-8 actually) to copy filtered resources, i.e. build is platform dependent!
2020-01-17 00:38:30,346 [Worker-21] INFO  o.e.m.c.i.embedder.EclipseLogger - skip non existing resourceDirectory /home/vagrant/avchallenge/ADS_generated/VehicleControl/src/test/resources
2020-01-17 00:40:24,660 [Worker-18] WARN  o.e.m.c.i.embedder.EclipseLogger - Using platform encoding (UTF-8 actually) to copy filtered resources, i.e. build is platform dependent!
2020-01-17 00:40:24,661 [Worker-18] INFO  o.e.m.c.i.embedder.EclipseLogger - skip non existing resourceDirectory /home/vagrant/avchallenge/ADS_generated/VehicleControl/src/main/resources
2020-01-17 00:40:24,662 [Worker-18] WARN  o.e.m.c.i.embedder.EclipseLogger - Using platform encoding (UTF-8 actually) to copy filtered resources, i.e. build is platform dependent!
2020-01-17 00:40:24,663 [Worker-18] INFO  o.e.m.c.i.embedder.EclipseLogger - skip non existing resourceDirectory /home/vagrant/avchallenge/ADS_generated/VehicleControl/src/test/resources
2020-01-17 01:17:16,911 [Worker-22] WARN  o.e.m.c.i.embedder.EclipseLogger - Using platform encoding (UTF-8 actually) to copy filtered resources, i.e. build is platform dependent!
2020-01-17 01:17:16,911 [Worker-22] INFO  o.e.m.c.i.embedder.EclipseLogger - skip non existing resourceDirectory /home/vagrant/avchallenge/ADS_generated/VehicleControl/src/main/resources
2020-01-17 01:17:16,912 [Worker-22] WARN  o.e.m.c.i.embedder.EclipseLogger - Using platform encoding (UTF-8 actually) to copy filtered resources, i.e. build is platform dependent!
2020-01-17 01:17:16,912 [Worker-22] INFO  o.e.m.c.i.embedder.EclipseLogger - skip non existing resourceDirectory /home/vagrant/avchallenge/ADS_generated/VehicleControl/src/test/resources
2020-01-17 01:17:35,311 [Worker-22] WARN  o.e.m.c.i.embedder.EclipseLogger - Using platform encoding (UTF-8 actually) to copy filtered resources, i.e. build is platform dependent!
2020-01-17 01:17:35,311 [Worker-22] INFO  o.e.m.c.i.embedder.EclipseLogger - skip non existing resourceDirectory /home/vagrant/avchallenge/ADS_generated/VehicleControl/src/main/resources
2020-01-17 01:17:35,312 [Worker-22] WARN  o.e.m.c.i.embedder.EclipseLogger - Using platform encoding (UTF-8 actually) to copy filtered resources, i.e. build is platform dependent!
2020-01-17 01:17:35,312 [Worker-22] INFO  o.e.m.c.i.embedder.EclipseLogger - skip non existing resourceDirectory /home/vagrant/avchallenge/ADS_generated/VehicleControl/src/test/resources
2020-01-17 01:17:52,773 [Worker-23] WARN  o.e.m.c.i.embedder.EclipseLogger - Using platform encoding (UTF-8 actually) to copy filtered resources, i.e. build is platform dependent!
2020-01-17 01:17:52,774 [Worker-23] INFO  o.e.m.c.i.embedder.EclipseLogger - skip non existing resourceDirectory /home/vagrant/avchallenge/ADS_generated/VehicleControl/src/main/resources
2020-01-17 01:17:52,775 [Worker-23] WARN  o.e.m.c.i.embedder.EclipseLogger - Using platform encoding (UTF-8 actually) to copy filtered resources, i.e. build is platform dependent!
2020-01-17 01:17:52,775 [Worker-23] INFO  o.e.m.c.i.embedder.EclipseLogger - skip non existing resourceDirectory /home/vagrant/avchallenge/ADS_generated/VehicleControl/src/test/resources
2020-01-17 01:20:14,086 [Worker-18] WARN  o.e.m.c.i.embedder.EclipseLogger - Using platform encoding (UTF-8 actually) to copy filtered resources, i.e. build is platform dependent!
2020-01-17 01:20:14,086 [Worker-18] INFO  o.e.m.c.i.embedder.EclipseLogger - skip non existing resourceDirectory /home/vagrant/avchallenge/ADS_generated/VehicleControl/src/main/resources
2020-01-17 01:20:14,087 [Worker-18] WARN  o.e.m.c.i.embedder.EclipseLogger - Using platform encoding (UTF-8 actually) to copy filtered resources, i.e. build is platform dependent!
2020-01-17 01:20:14,087 [Worker-18] INFO  o.e.m.c.i.embedder.EclipseLogger - skip non existing resourceDirectory /home/vagrant/avchallenge/ADS_generated/VehicleControl/src/test/resources
2020-01-17 01:27:34,442 [Worker-4] INFO  c.g.t.t.d.PublishedGradleVersions - Gradle version information cache is up-to-date. Trying to read.
2020-01-17 01:27:38,042 [Worker-2] INFO  o.e.m.c.i.l.LifecycleMappingFactory - Using org.eclipse.m2e.jdt.JarLifecycleMapping lifecycle mapping for MavenProject: org.webgme.guest.dataanalytics:DataAnalytics:0.1.0-SNAPSHOT @ /home/vagrant/avchallenge/ADS_generated/DataAnalytics/pom.xml.
2020-01-17 01:27:39,711 [Worker-2] WARN  o.e.m.c.i.embedder.EclipseLogger - Using platform encoding (UTF-8 actually) to copy filtered resources, i.e. build is platform dependent!
2020-01-17 01:27:39,716 [Worker-2] INFO  o.e.m.c.i.embedder.EclipseLogger - skip non existing resourceDirectory /home/vagrant/avchallenge/ADS_generated/DataAnalytics/src/main/resources
2020-01-17 01:27:39,722 [Worker-2] WARN  o.e.m.c.i.embedder.EclipseLogger - Using platform encoding (UTF-8 actually) to copy filtered resources, i.e. build is platform dependent!
2020-01-17 01:27:39,722 [Worker-2] INFO  o.e.m.c.i.embedder.EclipseLogger - skip non existing resourceDirectory /home/vagrant/avchallenge/ADS_generated/DataAnalytics/src/test/resources
2020-01-17 01:27:40,590 [Worker-16] INFO  o.e.m.c.i.l.LifecycleMappingFactory - Using org.eclipse.m2e.jdt.JarLifecycleMapping lifecycle mapping for MavenProject: org.webgme.guest:ADS_exec:0.1.0-SNAPSHOT @ /home/vagrant/avchallenge/ADS_deployment/pom.xml.
2020-01-17 01:27:40,591 [Worker-2] INFO  o.e.m.c.i.l.LifecycleMappingFactory - Using org.eclipse.m2e.jdt.JarLifecycleMapping lifecycle mapping for MavenProject: org.webgme.guest.eventinjection:EventInjection:0.1.0-SNAPSHOT @ /home/vagrant/avchallenge/ADS_generated/EventInjection/pom.xml.
2020-01-17 01:27:40,782 [Worker-2] WARN  o.e.m.c.i.embedder.EclipseLogger - Using platform encoding (UTF-8 actually) to copy filtered resources, i.e. build is platform dependent!
2020-01-17 01:27:40,786 [Worker-2] INFO  o.e.m.c.i.embedder.EclipseLogger - skip non existing resourceDirectory /home/vagrant/avchallenge/ADS_generated/EventInjection/src/main/resources
2020-01-17 01:27:40,788 [Worker-2] WARN  o.e.m.c.i.embedder.EclipseLogger - Using platform encoding (UTF-8 actually) to copy filtered resources, i.e. build is platform dependent!
2020-01-17 01:27:40,788 [Worker-2] INFO  o.e.m.c.i.embedder.EclipseLogger - skip non existing resourceDirectory /home/vagrant/avchallenge/ADS_generated/EventInjection/src/test/resources
2020-01-17 01:27:41,066 [Worker-2] INFO  o.e.m.c.i.l.LifecycleMappingFactory - Using org.eclipse.m2e.jdt.JarLifecycleMapping lifecycle mapping for MavenProject: org.webgme.guest.ucefgateway:UCEFGateway:0.1.0-SNAPSHOT @ /home/vagrant/avchallenge/ADS_generated/UCEFGateway/pom.xml.
2020-01-17 01:27:41,186 [Worker-2] WARN  o.e.m.c.i.embedder.EclipseLogger - Using platform encoding (UTF-8 actually) to copy filtered resources, i.e. build is platform dependent!
2020-01-17 01:27:41,186 [Worker-2] INFO  o.e.m.c.i.embedder.EclipseLogger - skip non existing resourceDirectory /home/vagrant/avchallenge/ADS_generated/UCEFGateway/src/main/resources
2020-01-17 01:27:41,189 [Worker-2] WARN  o.e.m.c.i.embedder.EclipseLogger - Using platform encoding (UTF-8 actually) to copy filtered resources, i.e. build is platform dependent!
2020-01-17 01:27:41,189 [Worker-2] INFO  o.e.m.c.i.embedder.EclipseLogger - skip non existing resourceDirectory /home/vagrant/avchallenge/ADS_generated/UCEFGateway/src/test/resources
2020-01-17 01:27:41,375 [Worker-2] INFO  o.e.m.c.i.l.LifecycleMappingFactory - Using org.eclipse.m2e.jdt.JarLifecycleMapping lifecycle mapping for MavenProject: org.webgme.guest.vehiclecontrol:VehicleControl:0.1.0-SNAPSHOT @ /home/vagrant/avchallenge/ADS_generated/VehicleControl/pom.xml.
2020-01-17 01:27:41,482 [Worker-2] WARN  o.e.m.c.i.embedder.EclipseLogger - Using platform encoding (UTF-8 actually) to copy filtered resources, i.e. build is platform dependent!
2020-01-17 01:27:41,484 [Worker-2] INFO  o.e.m.c.i.embedder.EclipseLogger - skip non existing resourceDirectory /home/vagrant/avchallenge/ADS_generated/VehicleControl/src/main/resources
2020-01-17 01:27:41,486 [Worker-2] WARN  o.e.m.c.i.embedder.EclipseLogger - Using platform encoding (UTF-8 actually) to copy filtered resources, i.e. build is platform dependent!
2020-01-17 01:27:41,486 [Worker-2] INFO  o.e.m.c.i.embedder.EclipseLogger - skip non existing resourceDirectory /home/vagrant/avchallenge/ADS_generated/VehicleControl/src/test/resources
2020-01-17 01:27:41,545 [Worker-2] INFO  o.e.m.c.i.l.LifecycleMappingFactory - Using org.eclipse.m2e.jdt.JarLifecycleMapping lifecycle mapping for MavenProject: org.webgme.guest:ADS_exec:0.1.0-SNAPSHOT @ /home/vagrant/avchallenge/ADS_deployment/pom.xml.
2020-01-17 01:27:41,819 [Worker-2] WARN  o.e.m.c.i.embedder.EclipseLogger - Using platform encoding (UTF-8 actually) to copy filtered resources, i.e. build is platform dependent!
2020-01-17 01:27:41,819 [Worker-2] INFO  o.e.m.c.i.embedder.EclipseLogger - skip non existing resourceDirectory /home/vagrant/avchallenge/ADS_deployment/src/fom
2020-01-17 01:27:41,820 [Worker-2] INFO  o.e.m.c.i.embedder.EclipseLogger - skip non existing resourceDirectory /home/vagrant/avchallenge/ADS_deployment/src/experiments
2020-01-17 01:27:41,826 [Worker-2] INFO  o.e.m.c.i.embedder.EclipseLogger - Copying 0 resource
2020-01-17 01:27:41,829 [Worker-2] WARN  o.e.m.c.i.embedder.EclipseLogger - Using platform encoding (UTF-8 actually) to copy filtered resources, i.e. build is platform dependent!
2020-01-17 01:27:41,829 [Worker-2] INFO  o.e.m.c.i.embedder.EclipseLogger - skip non existing resourceDirectory /home/vagrant/avchallenge/ADS_deployment/src/test/resources
2020-01-17 01:27:42,729 [Worker-18] INFO  o.e.m.c.i.l.LifecycleMappingFactory - Using org.eclipse.m2e.jdt.JarLifecycleMapping lifecycle mapping for MavenProject: org.webgme.guest:ADS_exec:0.1.0-SNAPSHOT @ /home/vagrant/avchallenge/ADS_deployment/pom.xml.
2020-01-17 01:27:42,736 [Worker-2] INFO  o.e.m.c.i.l.LifecycleMappingFactory - Using org.eclipse.m2e.jdt.JarLifecycleMapping lifecycle mapping for MavenProject: gov.nist.hla.federates.database:Database:0.0.1-SNAPSHOT @ /home/vagrant/avchallenge/ucef-database/pom.xml.
2020-01-17 01:27:42,946 [Worker-2] WARN  o.e.m.c.i.embedder.EclipseLogger - Using platform encoding (UTF-8 actually) to copy filtered resources, i.e. build is platform dependent!
2020-01-17 01:27:42,947 [Worker-2] INFO  o.e.m.c.i.embedder.EclipseLogger - skip non existing resourceDirectory /home/vagrant/avchallenge/ucef-database/src/main/resources
2020-01-17 01:27:42,949 [Worker-2] WARN  o.e.m.c.i.embedder.EclipseLogger - Using platform encoding (UTF-8 actually) to copy filtered resources, i.e. build is platform dependent!
2020-01-17 01:27:42,950 [Worker-2] INFO  o.e.m.c.i.embedder.EclipseLogger - skip non existing resourceDirectory /home/vagrant/avchallenge/ucef-database/src/test/resources
2020-01-17 01:27:44,188 [Worker-2] INFO  o.e.m.c.i.l.LifecycleMappingFactory - Using org.eclipse.m2e.jdt.JarLifecycleMapping lifecycle mapping for MavenProject: org.webgme.guest:ADS_exec:0.1.0-SNAPSHOT @ /home/vagrant/avchallenge/ADS_deployment/pom.xml.
2020-01-17 01:27:44,321 [Worker-2] INFO  o.e.m.c.i.l.LifecycleMappingFactory - Using org.eclipse.m2e.jdt.JarLifecycleMapping lifecycle mapping for MavenProject: org.webgme.guest.dataanalytics:DataAnalytics:0.1.0-SNAPSHOT @ /home/vagrant/avchallenge/ADS_generated/DataAnalytics/pom.xml.
2020-01-17 01:27:44,348 [Worker-2] INFO  o.e.m.c.i.l.LifecycleMappingFactory - Using org.eclipse.m2e.jdt.JarLifecycleMapping lifecycle mapping for MavenProject: org.webgme.guest.eventinjection:EventInjection:0.1.0-SNAPSHOT @ /home/vagrant/avchallenge/ADS_generated/EventInjection/pom.xml.
2020-01-17 01:27:44,378 [Worker-2] INFO  o.e.m.c.i.l.LifecycleMappingFactory - Using org.eclipse.m2e.jdt.JarLifecycleMapping lifecycle mapping for MavenProject: org.webgme.guest.ucefgateway:UCEFGateway:0.1.0-SNAPSHOT @ /home/vagrant/avchallenge/ADS_generated/UCEFGateway/pom.xml.
2020-01-17 01:27:44,401 [Worker-2] INFO  o.e.m.c.i.l.LifecycleMappingFactory - Using org.eclipse.m2e.jdt.JarLifecycleMapping lifecycle mapping for MavenProject: org.webgme.guest.vehiclecontrol:VehicleControl:0.1.0-SNAPSHOT @ /home/vagrant/avchallenge/ADS_generated/VehicleControl/pom.xml.
2020-01-17 01:27:44,551 [Worker-2] INFO  o.e.m.c.i.l.LifecycleMappingFactory - Using org.eclipse.m2e.jdt.JarLifecycleMapping lifecycle mapping for MavenProject: gov.nist.hla.federates.database:Database:0.0.1-SNAPSHOT @ /home/vagrant/avchallenge/ucef-database/pom.xml.
2020-01-17 01:27:45,309 [Worker-17] WARN  o.e.m.c.i.embedder.EclipseLogger - Using platform encoding (UTF-8 actually) to copy filtered resources, i.e. build is platform dependent!
2020-01-17 01:27:45,310 [Worker-17] INFO  o.e.m.c.i.embedder.EclipseLogger - skip non existing resourceDirectory /home/vagrant/avchallenge/ADS_generated/DataAnalytics/src/main/resources
2020-01-17 01:27:45,311 [Worker-17] WARN  o.e.m.c.i.embedder.EclipseLogger - Using platform encoding (UTF-8 actually) to copy filtered resources, i.e. build is platform dependent!
2020-01-17 01:27:45,311 [Worker-17] INFO  o.e.m.c.i.embedder.EclipseLogger - skip non existing resourceDirectory /home/vagrant/avchallenge/ADS_generated/DataAnalytics/src/test/resources
2020-01-17 01:27:45,354 [Worker-17] WARN  o.e.m.c.i.embedder.EclipseLogger - Using platform encoding (UTF-8 actually) to copy filtered resources, i.e. build is platform dependent!
2020-01-17 01:27:45,355 [Worker-17] INFO  o.e.m.c.i.embedder.EclipseLogger - skip non existing resourceDirectory /home/vagrant/avchallenge/ADS_generated/EventInjection/src/main/resources
2020-01-17 01:27:45,356 [Worker-17] WARN  o.e.m.c.i.embedder.EclipseLogger - Using platform encoding (UTF-8 actually) to copy filtered resources, i.e. build is platform dependent!
2020-01-17 01:27:45,357 [Worker-17] INFO  o.e.m.c.i.embedder.EclipseLogger - skip non existing resourceDirectory /home/vagrant/avchallenge/ADS_generated/EventInjection/src/test/resources
2020-01-17 01:27:45,437 [Worker-17] WARN  o.e.m.c.i.embedder.EclipseLogger - Using platform encoding (UTF-8 actually) to copy filtered resources, i.e. build is platform dependent!
2020-01-17 01:27:45,438 [Worker-17] INFO  o.e.m.c.i.embedder.EclipseLogger - skip non existing resourceDirectory /home/vagrant/avchallenge/ADS_generated/UCEFGateway/src/main/resources
2020-01-17 01:27:45,440 [Worker-17] WARN  o.e.m.c.i.embedder.EclipseLogger - Using platform encoding (UTF-8 actually) to copy filtered resources, i.e. build is platform dependent!
2020-01-17 01:27:45,440 [Worker-17] INFO  o.e.m.c.i.embedder.EclipseLogger - skip non existing resourceDirectory /home/vagrant/avchallenge/ADS_generated/UCEFGateway/src/test/resources
2020-01-17 01:27:45,502 [Worker-17] WARN  o.e.m.c.i.embedder.EclipseLogger - Using platform encoding (UTF-8 actually) to copy filtered resources, i.e. build is platform dependent!
2020-01-17 01:27:45,503 [Worker-17] INFO  o.e.m.c.i.embedder.EclipseLogger - skip non existing resourceDirectory /home/vagrant/avchallenge/ADS_generated/VehicleControl/src/main/resources
2020-01-17 01:27:45,504 [Worker-17] WARN  o.e.m.c.i.embedder.EclipseLogger - Using platform encoding (UTF-8 actually) to copy filtered resources, i.e. build is platform dependent!
2020-01-17 01:27:45,505 [Worker-17] INFO  o.e.m.c.i.embedder.EclipseLogger - skip non existing resourceDirectory /home/vagrant/avchallenge/ADS_generated/VehicleControl/src/test/resources
2020-01-17 01:27:45,658 [Worker-17] WARN  o.e.m.c.i.embedder.EclipseLogger - Using platform encoding (UTF-8 actually) to copy filtered resources, i.e. build is platform dependent!
2020-01-17 01:27:45,658 [Worker-17] INFO  o.e.m.c.i.embedder.EclipseLogger - skip non existing resourceDirectory /home/vagrant/avchallenge/ADS_deployment/src/fom
2020-01-17 01:27:45,658 [Worker-17] INFO  o.e.m.c.i.embedder.EclipseLogger - skip non existing resourceDirectory /home/vagrant/avchallenge/ADS_deployment/src/experiments
2020-01-17 01:27:45,664 [Worker-17] INFO  o.e.m.c.i.embedder.EclipseLogger - Copying 0 resource
2020-01-17 01:27:45,667 [Worker-17] WARN  o.e.m.c.i.embedder.EclipseLogger - Using platform encoding (UTF-8 actually) to copy filtered resources, i.e. build is platform dependent!
2020-01-17 01:27:45,667 [Worker-17] INFO  o.e.m.c.i.embedder.EclipseLogger - skip non existing resourceDirectory /home/vagrant/avchallenge/ADS_deployment/src/test/resources
2020-01-17 01:27:45,714 [Worker-17] WARN  o.e.m.c.i.embedder.EclipseLogger - Using platform encoding (UTF-8 actually) to copy filtered resources, i.e. build is platform dependent!
2020-01-17 01:27:45,715 [Worker-17] INFO  o.e.m.c.i.embedder.EclipseLogger - skip non existing resourceDirectory /home/vagrant/avchallenge/ucef-database/src/main/resources
2020-01-17 01:27:45,717 [Worker-17] WARN  o.e.m.c.i.embedder.EclipseLogger - Using platform encoding (UTF-8 actually) to copy filtered resources, i.e. build is platform dependent!
2020-01-17 01:27:45,717 [Worker-17] INFO  o.e.m.c.i.embedder.EclipseLogger - skip non existing resourceDirectory /home/vagrant/avchallenge/ucef-database/src/test/resources
2020-01-17 01:45:25,630 [Worker-10] WARN  o.e.m.c.i.embedder.EclipseLogger - Using platform encoding (UTF-8 actually) to copy filtered resources, i.e. build is platform dependent!
2020-01-17 01:45:25,631 [Worker-10] INFO  o.e.m.c.i.embedder.EclipseLogger - skip non existing resourceDirectory /home/vagrant/avchallenge/ADS_generated/VehicleControl/src/main/resources
2020-01-17 01:45:25,633 [Worker-10] WARN  o.e.m.c.i.embedder.EclipseLogger - Using platform encoding (UTF-8 actually) to copy filtered resources, i.e. build is platform dependent!
2020-01-17 01:45:25,633 [Worker-10] INFO  o.e.m.c.i.embedder.EclipseLogger - skip non existing resourceDirectory /home/vagrant/avchallenge/ADS_generated/VehicleControl/src/test/resources
2020-01-17 01:45:54,478 [Worker-10] WARN  o.e.m.c.i.embedder.EclipseLogger - Using platform encoding (UTF-8 actually) to copy filtered resources, i.e. build is platform dependent!
2020-01-17 01:45:54,478 [Worker-10] INFO  o.e.m.c.i.embedder.EclipseLogger - skip non existing resourceDirectory /home/vagrant/avchallenge/ADS_generated/VehicleControl/src/main/resources
2020-01-17 01:45:54,480 [Worker-10] WARN  o.e.m.c.i.embedder.EclipseLogger - Using platform encoding (UTF-8 actually) to copy filtered resources, i.e. build is platform dependent!
2020-01-17 01:45:54,480 [Worker-10] INFO  o.e.m.c.i.embedder.EclipseLogger - skip non existing resourceDirectory /home/vagrant/avchallenge/ADS_generated/VehicleControl/src/test/resources
2020-01-17 01:57:55,496 [Worker-6] WARN  o.e.m.c.i.embedder.EclipseLogger - Using platform encoding (UTF-8 actually) to copy filtered resources, i.e. build is platform dependent!
2020-01-17 01:57:55,500 [Worker-6] INFO  o.e.m.c.i.embedder.EclipseLogger - skip non existing resourceDirectory /home/vagrant/avchallenge/ADS_generated/VehicleControl/src/main/resources
2020-01-17 01:57:55,510 [Worker-6] WARN  o.e.m.c.i.embedder.EclipseLogger - Using platform encoding (UTF-8 actually) to copy filtered resources, i.e. build is platform dependent!
2020-01-17 01:57:55,511 [Worker-6] INFO  o.e.m.c.i.embedder.EclipseLogger - skip non existing resourceDirectory /home/vagrant/avchallenge/ADS_generated/VehicleControl/src/test/resources
2020-01-17 01:57:55,684 [Worker-6] WARN  o.e.m.c.i.embedder.EclipseLogger - Using platform encoding (UTF-8 actually) to copy filtered resources, i.e. build is platform dependent!
2020-01-17 01:57:55,685 [Worker-6] INFO  o.e.m.c.i.embedder.EclipseLogger - skip non existing resourceDirectory /home/vagrant/avchallenge/ADS_generated/VehicleControl/src/main/resources
2020-01-17 01:57:55,686 [Worker-6] WARN  o.e.m.c.i.embedder.EclipseLogger - Using platform encoding (UTF-8 actually) to copy filtered resources, i.e. build is platform dependent!
2020-01-17 01:57:55,686 [Worker-6] INFO  o.e.m.c.i.embedder.EclipseLogger - skip non existing resourceDirectory /home/vagrant/avchallenge/ADS_generated/VehicleControl/src/test/resources
2020-01-17 01:58:08,562 [Worker-21] WARN  o.e.m.c.i.embedder.EclipseLogger - Using platform encoding (UTF-8 actually) to copy filtered resources, i.e. build is platform dependent!
2020-01-17 01:58:08,563 [Worker-21] INFO  o.e.m.c.i.embedder.EclipseLogger - skip non existing resourceDirectory /home/vagrant/avchallenge/ADS_generated/VehicleControl/src/main/resources
2020-01-17 01:58:08,565 [Worker-21] WARN  o.e.m.c.i.embedder.EclipseLogger - Using platform encoding (UTF-8 actually) to copy filtered resources, i.e. build is platform dependent!
2020-01-17 01:58:08,565 [Worker-21] INFO  o.e.m.c.i.embedder.EclipseLogger - skip non existing resourceDirectory /home/vagrant/avchallenge/ADS_generated/VehicleControl/src/test/resources
2020-01-17 01:58:17,571 [Worker-15] WARN  o.e.m.c.i.embedder.EclipseLogger - Using platform encoding (UTF-8 actually) to copy filtered resources, i.e. build is platform dependent!
2020-01-17 01:58:17,571 [Worker-15] INFO  o.e.m.c.i.embedder.EclipseLogger - skip non existing resourceDirectory /home/vagrant/avchallenge/ADS_generated/VehicleControl/src/main/resources
2020-01-17 01:58:17,572 [Worker-15] WARN  o.e.m.c.i.embedder.EclipseLogger - Using platform encoding (UTF-8 actually) to copy filtered resources, i.e. build is platform dependent!
2020-01-17 01:58:17,572 [Worker-15] INFO  o.e.m.c.i.embedder.EclipseLogger - skip non existing resourceDirectory /home/vagrant/avchallenge/ADS_generated/VehicleControl/src/test/resources
2020-01-17 02:16:28,709 [Worker-4] INFO  c.g.t.t.d.PublishedGradleVersions - Gradle version information cache is out-of-date. Trying to update.
2020-01-17 02:16:31,603 [Worker-0] INFO  o.e.m.c.i.l.LifecycleMappingFactory - Using org.eclipse.m2e.jdt.JarLifecycleMapping lifecycle mapping for MavenProject: org.webgme.guest.dataanalytics:DataAnalytics:0.1.0-SNAPSHOT @ /home/vagrant/avchallenge/ADS_generated/DataAnalytics/pom.xml.
2020-01-17 02:16:33,093 [Worker-0] WARN  o.e.m.c.i.embedder.EclipseLogger - Using platform encoding (UTF-8 actually) to copy filtered resources, i.e. build is platform dependent!
2020-01-17 02:16:33,100 [Worker-0] INFO  o.e.m.c.i.embedder.EclipseLogger - skip non existing resourceDirectory /home/vagrant/avchallenge/ADS_generated/DataAnalytics/src/main/resources
2020-01-17 02:16:33,103 [Worker-0] WARN  o.e.m.c.i.embedder.EclipseLogger - Using platform encoding (UTF-8 actually) to copy filtered resources, i.e. build is platform dependent!
2020-01-17 02:16:33,104 [Worker-0] INFO  o.e.m.c.i.embedder.EclipseLogger - skip non existing resourceDirectory /home/vagrant/avchallenge/ADS_generated/DataAnalytics/src/test/resources
2020-01-17 02:16:33,996 [Worker-12] INFO  o.e.m.c.i.l.LifecycleMappingFactory - Using org.eclipse.m2e.jdt.JarLifecycleMapping lifecycle mapping for MavenProject: org.webgme.guest:ADS_exec:0.1.0-SNAPSHOT @ /home/vagrant/avchallenge/ADS_deployment/pom.xml.
2020-01-17 02:16:33,997 [Worker-0] INFO  o.e.m.c.i.l.LifecycleMappingFactory - Using org.eclipse.m2e.jdt.JarLifecycleMapping lifecycle mapping for MavenProject: org.webgme.guest.eventinjection:EventInjection:0.1.0-SNAPSHOT @ /home/vagrant/avchallenge/ADS_generated/EventInjection/pom.xml.
2020-01-17 02:16:34,161 [Worker-0] WARN  o.e.m.c.i.embedder.EclipseLogger - Using platform encoding (UTF-8 actually) to copy filtered resources, i.e. build is platform dependent!
2020-01-17 02:16:34,161 [Worker-0] INFO  o.e.m.c.i.embedder.EclipseLogger - skip non existing resourceDirectory /home/vagrant/avchallenge/ADS_generated/EventInjection/src/main/resources
2020-01-17 02:16:34,168 [Worker-0] WARN  o.e.m.c.i.embedder.EclipseLogger - Using platform encoding (UTF-8 actually) to copy filtered resources, i.e. build is platform dependent!
2020-01-17 02:16:34,169 [Worker-0] INFO  o.e.m.c.i.embedder.EclipseLogger - skip non existing resourceDirectory /home/vagrant/avchallenge/ADS_generated/EventInjection/src/test/resources
2020-01-17 02:16:34,435 [Worker-0] INFO  o.e.m.c.i.l.LifecycleMappingFactory - Using org.eclipse.m2e.jdt.JarLifecycleMapping lifecycle mapping for MavenProject: org.webgme.guest.ucefgateway:UCEFGateway:0.1.0-SNAPSHOT @ /home/vagrant/avchallenge/ADS_generated/UCEFGateway/pom.xml.
2020-01-17 02:16:34,578 [Worker-0] WARN  o.e.m.c.i.embedder.EclipseLogger - Using platform encoding (UTF-8 actually) to copy filtered resources, i.e. build is platform dependent!
2020-01-17 02:16:34,579 [Worker-0] INFO  o.e.m.c.i.embedder.EclipseLogger - skip non existing resourceDirectory /home/vagrant/avchallenge/ADS_generated/UCEFGateway/src/main/resources
2020-01-17 02:16:34,580 [Worker-0] WARN  o.e.m.c.i.embedder.EclipseLogger - Using platform encoding (UTF-8 actually) to copy filtered resources, i.e. build is platform dependent!
2020-01-17 02:16:34,581 [Worker-0] INFO  o.e.m.c.i.embedder.EclipseLogger - skip non existing resourceDirectory /home/vagrant/avchallenge/ADS_generated/UCEFGateway/src/test/resources
2020-01-17 02:16:34,834 [Worker-0] INFO  o.e.m.c.i.l.LifecycleMappingFactory - Using org.eclipse.m2e.jdt.JarLifecycleMapping lifecycle mapping for MavenProject: org.webgme.guest.vehiclecontrol:VehicleControl:0.1.0-SNAPSHOT @ /home/vagrant/avchallenge/ADS_generated/VehicleControl/pom.xml.
2020-01-17 02:16:35,002 [Worker-0] WARN  o.e.m.c.i.embedder.EclipseLogger - Using platform encoding (UTF-8 actually) to copy filtered resources, i.e. build is platform dependent!
2020-01-17 02:16:35,003 [Worker-0] INFO  o.e.m.c.i.embedder.EclipseLogger - skip non existing resourceDirectory /home/vagrant/avchallenge/ADS_generated/VehicleControl/src/main/resources
2020-01-17 02:16:35,005 [Worker-0] WARN  o.e.m.c.i.embedder.EclipseLogger - Using platform encoding (UTF-8 actually) to copy filtered resources, i.e. build is platform dependent!
2020-01-17 02:16:35,005 [Worker-0] INFO  o.e.m.c.i.embedder.EclipseLogger - skip non existing resourceDirectory /home/vagrant/avchallenge/ADS_generated/VehicleControl/src/test/resources
2020-01-17 02:16:35,119 [Worker-0] INFO  o.e.m.c.i.l.LifecycleMappingFactory - Using org.eclipse.m2e.jdt.JarLifecycleMapping lifecycle mapping for MavenProject: org.webgme.guest:ADS_exec:0.1.0-SNAPSHOT @ /home/vagrant/avchallenge/ADS_deployment/pom.xml.
2020-01-17 02:16:35,408 [Worker-0] WARN  o.e.m.c.i.embedder.EclipseLogger - Using platform encoding (UTF-8 actually) to copy filtered resources, i.e. build is platform dependent!
2020-01-17 02:16:35,408 [Worker-0] INFO  o.e.m.c.i.embedder.EclipseLogger - skip non existing resourceDirectory /home/vagrant/avchallenge/ADS_deployment/src/fom
2020-01-17 02:16:35,409 [Worker-0] INFO  o.e.m.c.i.embedder.EclipseLogger - skip non existing resourceDirectory /home/vagrant/avchallenge/ADS_deployment/src/experiments
2020-01-17 02:16:35,419 [Worker-0] INFO  o.e.m.c.i.embedder.EclipseLogger - Copying 0 resource
2020-01-17 02:16:35,429 [Worker-0] WARN  o.e.m.c.i.embedder.EclipseLogger - Using platform encoding (UTF-8 actually) to copy filtered resources, i.e. build is platform dependent!
2020-01-17 02:16:35,430 [Worker-0] INFO  o.e.m.c.i.embedder.EclipseLogger - skip non existing resourceDirectory /home/vagrant/avchallenge/ADS_deployment/src/test/resources
2020-01-17 02:16:35,982 [Worker-0] INFO  o.e.m.c.i.l.LifecycleMappingFactory - Using org.eclipse.m2e.jdt.JarLifecycleMapping lifecycle mapping for MavenProject: gov.nist.hla.federates.database:Database:0.0.1-SNAPSHOT @ /home/vagrant/avchallenge/ucef-database/pom.xml.
2020-01-17 02:16:36,115 [Worker-0] WARN  o.e.m.c.i.embedder.EclipseLogger - Using platform encoding (UTF-8 actually) to copy filtered resources, i.e. build is platform dependent!
2020-01-17 02:16:36,116 [Worker-0] INFO  o.e.m.c.i.embedder.EclipseLogger - skip non existing resourceDirectory /home/vagrant/avchallenge/ucef-database/src/main/resources
2020-01-17 02:16:36,120 [Worker-0] WARN  o.e.m.c.i.embedder.EclipseLogger - Using platform encoding (UTF-8 actually) to copy filtered resources, i.e. build is platform dependent!
2020-01-17 02:16:36,121 [Worker-0] INFO  o.e.m.c.i.embedder.EclipseLogger - skip non existing resourceDirectory /home/vagrant/avchallenge/ucef-database/src/test/resources
2020-01-17 02:16:36,697 [Worker-13] INFO  o.e.m.c.i.l.LifecycleMappingFactory - Using org.eclipse.m2e.jdt.JarLifecycleMapping lifecycle mapping for MavenProject: org.webgme.guest:ADS_exec:0.1.0-SNAPSHOT @ /home/vagrant/avchallenge/ADS_deployment/pom.xml.
2020-01-17 02:16:36,860 [Worker-13] INFO  o.e.m.c.i.l.LifecycleMappingFactory - Using org.eclipse.m2e.jdt.JarLifecycleMapping lifecycle mapping for MavenProject: org.webgme.guest.dataanalytics:DataAnalytics:0.1.0-SNAPSHOT @ /home/vagrant/avchallenge/ADS_generated/DataAnalytics/pom.xml.
2020-01-17 02:16:36,891 [Worker-13] INFO  o.e.m.c.i.l.LifecycleMappingFactory - Using org.eclipse.m2e.jdt.JarLifecycleMapping lifecycle mapping for MavenProject: org.webgme.guest.eventinjection:EventInjection:0.1.0-SNAPSHOT @ /home/vagrant/avchallenge/ADS_generated/EventInjection/pom.xml.
2020-01-17 02:16:36,922 [Worker-13] INFO  o.e.m.c.i.l.LifecycleMappingFactory - Using org.eclipse.m2e.jdt.JarLifecycleMapping lifecycle mapping for MavenProject: org.webgme.guest.ucefgateway:UCEFGateway:0.1.0-SNAPSHOT @ /home/vagrant/avchallenge/ADS_generated/UCEFGateway/pom.xml.
2020-01-17 02:16:36,952 [Worker-13] INFO  o.e.m.c.i.l.LifecycleMappingFactory - Using org.eclipse.m2e.jdt.JarLifecycleMapping lifecycle mapping for MavenProject: org.webgme.guest.vehiclecontrol:VehicleControl:0.1.0-SNAPSHOT @ /home/vagrant/avchallenge/ADS_generated/VehicleControl/pom.xml.
2020-01-17 02:16:37,207 [Worker-13] INFO  o.e.m.c.i.l.LifecycleMappingFactory - Using org.eclipse.m2e.jdt.JarLifecycleMapping lifecycle mapping for MavenProject: gov.nist.hla.federates.database:Database:0.0.1-SNAPSHOT @ /home/vagrant/avchallenge/ucef-database/pom.xml.
2020-01-17 02:16:38,435 [Worker-9] WARN  o.e.m.c.i.embedder.EclipseLogger - Using platform encoding (UTF-8 actually) to copy filtered resources, i.e. build is platform dependent!
2020-01-17 02:16:38,436 [Worker-9] INFO  o.e.m.c.i.embedder.EclipseLogger - skip non existing resourceDirectory /home/vagrant/avchallenge/ADS_generated/DataAnalytics/src/main/resources
2020-01-17 02:16:38,438 [Worker-9] WARN  o.e.m.c.i.embedder.EclipseLogger - Using platform encoding (UTF-8 actually) to copy filtered resources, i.e. build is platform dependent!
2020-01-17 02:16:38,438 [Worker-9] INFO  o.e.m.c.i.embedder.EclipseLogger - skip non existing resourceDirectory /home/vagrant/avchallenge/ADS_generated/DataAnalytics/src/test/resources
2020-01-17 02:16:38,486 [Worker-9] WARN  o.e.m.c.i.embedder.EclipseLogger - Using platform encoding (UTF-8 actually) to copy filtered resources, i.e. build is platform dependent!
2020-01-17 02:16:38,487 [Worker-9] INFO  o.e.m.c.i.embedder.EclipseLogger - skip non existing resourceDirectory /home/vagrant/avchallenge/ADS_generated/EventInjection/src/main/resources
2020-01-17 02:16:38,489 [Worker-9] WARN  o.e.m.c.i.embedder.EclipseLogger - Using platform encoding (UTF-8 actually) to copy filtered resources, i.e. build is platform dependent!
2020-01-17 02:16:38,490 [Worker-9] INFO  o.e.m.c.i.embedder.EclipseLogger - skip non existing resourceDirectory /home/vagrant/avchallenge/ADS_generated/EventInjection/src/test/resources
2020-01-17 02:16:38,531 [Worker-9] WARN  o.e.m.c.i.embedder.EclipseLogger - Using platform encoding (UTF-8 actually) to copy filtered resources, i.e. build is platform dependent!
2020-01-17 02:16:38,531 [Worker-9] INFO  o.e.m.c.i.embedder.EclipseLogger - skip non existing resourceDirectory /home/vagrant/avchallenge/ADS_generated/UCEFGateway/src/main/resources
2020-01-17 02:16:38,532 [Worker-9] WARN  o.e.m.c.i.embedder.EclipseLogger - Using platform encoding (UTF-8 actually) to copy filtered resources, i.e. build is platform dependent!
2020-01-17 02:16:38,533 [Worker-9] INFO  o.e.m.c.i.embedder.EclipseLogger - skip non existing resourceDirectory /home/vagrant/avchallenge/ADS_generated/UCEFGateway/src/test/resources
2020-01-17 02:16:38,575 [Worker-9] WARN  o.e.m.c.i.embedder.EclipseLogger - Using platform encoding (UTF-8 actually) to copy filtered resources, i.e. build is platform dependent!
2020-01-17 02:16:38,575 [Worker-9] INFO  o.e.m.c.i.embedder.EclipseLogger - skip non existing resourceDirectory /home/vagrant/avchallenge/ADS_generated/VehicleControl/src/main/resources
2020-01-17 02:16:38,576 [Worker-9] WARN  o.e.m.c.i.embedder.EclipseLogger - Using platform encoding (UTF-8 actually) to copy filtered resources, i.e. build is platform dependent!
2020-01-17 02:16:38,577 [Worker-9] INFO  o.e.m.c.i.embedder.EclipseLogger - skip non existing resourceDirectory /home/vagrant/avchallenge/ADS_generated/VehicleControl/src/test/resources
2020-01-17 02:16:38,801 [Worker-9] WARN  o.e.m.c.i.embedder.EclipseLogger - Using platform encoding (UTF-8 actually) to copy filtered resources, i.e. build is platform dependent!
2020-01-17 02:16:38,802 [Worker-9] INFO  o.e.m.c.i.embedder.EclipseLogger - skip non existing resourceDirectory /home/vagrant/avchallenge/ADS_deployment/src/fom
2020-01-17 02:16:38,803 [Worker-9] INFO  o.e.m.c.i.embedder.EclipseLogger - skip non existing resourceDirectory /home/vagrant/avchallenge/ADS_deployment/src/experiments
2020-01-17 02:16:38,808 [Worker-9] INFO  o.e.m.c.i.embedder.EclipseLogger - Copying 0 resource
2020-01-17 02:16:38,810 [Worker-9] WARN  o.e.m.c.i.embedder.EclipseLogger - Using platform encoding (UTF-8 actually) to copy filtered resources, i.e. build is platform dependent!
2020-01-17 02:16:38,811 [Worker-9] INFO  o.e.m.c.i.embedder.EclipseLogger - skip non existing resourceDirectory /home/vagrant/avchallenge/ADS_deployment/src/test/resources
2020-01-17 02:16:38,847 [Worker-9] WARN  o.e.m.c.i.embedder.EclipseLogger - Using platform encoding (UTF-8 actually) to copy filtered resources, i.e. build is platform dependent!
2020-01-17 02:16:38,847 [Worker-9] INFO  o.e.m.c.i.embedder.EclipseLogger - skip non existing resourceDirectory /home/vagrant/avchallenge/ucef-database/src/main/resources
2020-01-17 02:16:38,848 [Worker-9] WARN  o.e.m.c.i.embedder.EclipseLogger - Using platform encoding (UTF-8 actually) to copy filtered resources, i.e. build is platform dependent!
2020-01-17 02:16:38,849 [Worker-9] INFO  o.e.m.c.i.embedder.EclipseLogger - skip non existing resourceDirectory /home/vagrant/avchallenge/ucef-database/src/test/resources
